<?xml version="1.0" encoding="UTF-8"?>
<testsuite xmlns:xsi="http://www.w3.org/2001/XMLSchema-instance" xsi:noNamespaceSchemaLocation="https://maven.apache.org/surefire/maven-surefire-plugin/xsd/surefire-test-report-3.0.xsd" version="3.0" name="com.pwr.project.ProjectApplicationTests" time="8.41" tests="1" errors="0" skipped="0" failures="0">
  <properties>
    <property name="java.specification.version" value="17"/>
    <property name="sun.jnu.encoding" value="UTF-8"/>
    <property name="java.class.path" value="/home/chojnar1/Desktop/personal/tutoring/adam/ZRCwAW/backend/target/test-classes:/home/chojnar1/Desktop/personal/tutoring/adam/ZRCwAW/backend/target/classes:/home/chojnar1/.m2/repository/org/springframework/boot/spring-boot-starter-data-jpa/3.2.5/spring-boot-starter-data-jpa-3.2.5.jar:/home/chojnar1/.m2/repository/org/springframework/boot/spring-boot-starter-aop/3.2.5/spring-boot-starter-aop-3.2.5.jar:/home/chojnar1/.m2/repository/org/aspectj/aspectjweaver/1.9.22/aspectjweaver-1.9.22.jar:/home/chojnar1/.m2/repository/org/springframework/boot/spring-boot-starter-jdbc/3.2.5/spring-boot-starter-jdbc-3.2.5.jar:/home/chojnar1/.m2/repository/com/zaxxer/HikariCP/5.0.1/HikariCP-5.0.1.jar:/home/chojnar1/.m2/repository/org/hibernate/orm/hibernate-core/6.4.4.Final/hibernate-core-6.4.4.Final.jar:/home/chojnar1/.m2/repository/jakarta/persistence/jakarta.persistence-api/3.1.0/jakarta.persistence-api-3.1.0.jar:/home/chojnar1/.m2/repository/jakarta/transaction/jakarta.transaction-api/2.0.1/jakarta.transaction-api-2.0.1.jar:/home/chojnar1/.m2/repository/org/hibernate/common/hibernate-commons-annotations/6.0.6.Final/hibernate-commons-annotations-6.0.6.Final.jar:/home/chojnar1/.m2/repository/io/smallrye/jandex/3.1.2/jandex-3.1.2.jar:/home/chojnar1/.m2/repository/com/fasterxml/classmate/1.6.0/classmate-1.6.0.jar:/home/chojnar1/.m2/repository/jakarta/inject/jakarta.inject-api/2.0.1/jakarta.inject-api-2.0.1.jar:/home/chojnar1/.m2/repository/org/springframework/data/spring-data-jpa/3.2.5/spring-data-jpa-3.2.5.jar:/home/chojnar1/.m2/repository/org/springframework/data/spring-data-commons/3.2.5/spring-data-commons-3.2.5.jar:/home/chojnar1/.m2/repository/org/springframework/spring-orm/6.1.6/spring-orm-6.1.6.jar:/home/chojnar1/.m2/repository/org/springframework/spring-beans/6.1.6/spring-beans-6.1.6.jar:/home/chojnar1/.m2/repository/org/slf4j/slf4j-api/2.0.13/slf4j-api-2.0.13.jar:/home/chojnar1/.m2/repository/org/springframework/spring-aspects/6.1.6/spring-aspects-6.1.6.jar:/home/chojnar1/.m2/repository/org/springframework/boot/spring-boot-starter-web/3.2.5/spring-boot-starter-web-3.2.5.jar:/home/chojnar1/.m2/repository/org/springframework/boot/spring-boot-starter/3.2.5/spring-boot-starter-3.2.5.jar:/home/chojnar1/.m2/repository/org/springframework/boot/spring-boot-starter-logging/3.2.5/spring-boot-starter-logging-3.2.5.jar:/home/chojnar1/.m2/repository/ch/qos/logback/logback-classic/1.4.14/logback-classic-1.4.14.jar:/home/chojnar1/.m2/repository/ch/qos/logback/logback-core/1.4.14/logback-core-1.4.14.jar:/home/chojnar1/.m2/repository/org/apache/logging/log4j/log4j-to-slf4j/2.21.1/log4j-to-slf4j-2.21.1.jar:/home/chojnar1/.m2/repository/org/apache/logging/log4j/log4j-api/2.21.1/log4j-api-2.21.1.jar:/home/chojnar1/.m2/repository/org/slf4j/jul-to-slf4j/2.0.13/jul-to-slf4j-2.0.13.jar:/home/chojnar1/.m2/repository/org/yaml/snakeyaml/2.2/snakeyaml-2.2.jar:/home/chojnar1/.m2/repository/org/springframework/boot/spring-boot-starter-json/3.2.5/spring-boot-starter-json-3.2.5.jar:/home/chojnar1/.m2/repository/com/fasterxml/jackson/datatype/jackson-datatype-jdk8/2.15.4/jackson-datatype-jdk8-2.15.4.jar:/home/chojnar1/.m2/repository/com/fasterxml/jackson/datatype/jackson-datatype-jsr310/2.15.4/jackson-datatype-jsr310-2.15.4.jar:/home/chojnar1/.m2/repository/com/fasterxml/jackson/module/jackson-module-parameter-names/2.15.4/jackson-module-parameter-names-2.15.4.jar:/home/chojnar1/.m2/repository/org/springframework/boot/spring-boot-starter-tomcat/3.2.5/spring-boot-starter-tomcat-3.2.5.jar:/home/chojnar1/.m2/repository/org/apache/tomcat/embed/tomcat-embed-core/10.1.20/tomcat-embed-core-10.1.20.jar:/home/chojnar1/.m2/repository/org/apache/tomcat/embed/tomcat-embed-el/10.1.20/tomcat-embed-el-10.1.20.jar:/home/chojnar1/.m2/repository/org/apache/tomcat/embed/tomcat-embed-websocket/10.1.20/tomcat-embed-websocket-10.1.20.jar:/home/chojnar1/.m2/repository/org/springframework/spring-web/6.1.6/spring-web-6.1.6.jar:/home/chojnar1/.m2/repository/io/micrometer/micrometer-observation/1.12.5/micrometer-observation-1.12.5.jar:/home/chojnar1/.m2/repository/io/micrometer/micrometer-commons/1.12.5/micrometer-commons-1.12.5.jar:/home/chojnar1/.m2/repository/org/springframework/spring-webmvc/6.1.6/spring-webmvc-6.1.6.jar:/home/chojnar1/.m2/repository/org/springframework/spring-expression/6.1.6/spring-expression-6.1.6.jar:/home/chojnar1/.m2/repository/org/springframework/boot/spring-boot-starter-security/3.2.5/spring-boot-starter-security-3.2.5.jar:/home/chojnar1/.m2/repository/org/springframework/spring-aop/6.1.6/spring-aop-6.1.6.jar:/home/chojnar1/.m2/repository/org/springframework/security/spring-security-config/6.2.4/spring-security-config-6.2.4.jar:/home/chojnar1/.m2/repository/org/springframework/security/spring-security-web/6.2.4/spring-security-web-6.2.4.jar:/home/chojnar1/.m2/repository/org/springdoc/springdoc-openapi-starter-webmvc-ui/2.3.0/springdoc-openapi-starter-webmvc-ui-2.3.0.jar:/home/chojnar1/.m2/repository/org/springdoc/springdoc-openapi-starter-webmvc-api/2.3.0/springdoc-openapi-starter-webmvc-api-2.3.0.jar:/home/chojnar1/.m2/repository/org/springdoc/springdoc-openapi-starter-common/2.3.0/springdoc-openapi-starter-common-2.3.0.jar:/home/chojnar1/.m2/repository/io/swagger/core/v3/swagger-core-jakarta/2.2.19/swagger-core-jakarta-2.2.19.jar:/home/chojnar1/.m2/repository/org/apache/commons/commons-lang3/3.13.0/commons-lang3-3.13.0.jar:/home/chojnar1/.m2/repository/io/swagger/core/v3/swagger-annotations-jakarta/2.2.19/swagger-annotations-jakarta-2.2.19.jar:/home/chojnar1/.m2/repository/io/swagger/core/v3/swagger-models-jakarta/2.2.19/swagger-models-jakarta-2.2.19.jar:/home/chojnar1/.m2/repository/com/fasterxml/jackson/dataformat/jackson-dataformat-yaml/2.15.4/jackson-dataformat-yaml-2.15.4.jar:/home/chojnar1/.m2/repository/org/webjars/swagger-ui/5.10.3/swagger-ui-5.10.3.jar:/home/chojnar1/.m2/repository/com/auth0/java-jwt/4.4.0/java-jwt-4.4.0.jar:/home/chojnar1/.m2/repository/com/fasterxml/jackson/core/jackson-databind/2.15.4/jackson-databind-2.15.4.jar:/home/chojnar1/.m2/repository/com/fasterxml/jackson/core/jackson-annotations/2.15.4/jackson-annotations-2.15.4.jar:/home/chojnar1/.m2/repository/com/fasterxml/jackson/core/jackson-core/2.15.4/jackson-core-2.15.4.jar:/home/chojnar1/.m2/repository/org/springframework/boot/spring-boot-starter-web-services/3.2.5/spring-boot-starter-web-services-3.2.5.jar:/home/chojnar1/.m2/repository/com/sun/xml/messaging/saaj/saaj-impl/3.0.3/saaj-impl-3.0.3.jar:/home/chojnar1/.m2/repository/jakarta/xml/soap/jakarta.xml.soap-api/3.0.1/jakarta.xml.soap-api-3.0.1.jar:/home/chojnar1/.m2/repository/org/jvnet/staxex/stax-ex/2.1.0/stax-ex-2.1.0.jar:/home/chojnar1/.m2/repository/jakarta/activation/jakarta.activation-api/2.1.3/jakarta.activation-api-2.1.3.jar:/home/chojnar1/.m2/repository/org/eclipse/angus/angus-activation/2.0.2/angus-activation-2.0.2.jar:/home/chojnar1/.m2/repository/jakarta/xml/ws/jakarta.xml.ws-api/4.0.1/jakarta.xml.ws-api-4.0.1.jar:/home/chojnar1/.m2/repository/org/springframework/spring-oxm/6.1.6/spring-oxm-6.1.6.jar:/home/chojnar1/.m2/repository/org/springframework/ws/spring-ws-core/4.0.10/spring-ws-core-4.0.10.jar:/home/chojnar1/.m2/repository/org/springframework/ws/spring-xml/4.0.10/spring-xml-4.0.10.jar:/home/chojnar1/.m2/repository/org/postgresql/postgresql/42.6.2/postgresql-42.6.2.jar:/home/chojnar1/.m2/repository/org/checkerframework/checker-qual/3.31.0/checker-qual-3.31.0.jar:/home/chojnar1/.m2/repository/org/springframework/boot/spring-boot-devtools/3.2.5/spring-boot-devtools-3.2.5.jar:/home/chojnar1/.m2/repository/org/springframework/boot/spring-boot/3.2.5/spring-boot-3.2.5.jar:/home/chojnar1/.m2/repository/org/springframework/boot/spring-boot-autoconfigure/3.2.5/spring-boot-autoconfigure-3.2.5.jar:/home/chojnar1/.m2/repository/org/projectlombok/lombok/1.18.32/lombok-1.18.32.jar:/home/chojnar1/.m2/repository/org/springframework/boot/spring-boot-starter-test/3.2.5/spring-boot-starter-test-3.2.5.jar:/home/chojnar1/.m2/repository/org/springframework/boot/spring-boot-test/3.2.5/spring-boot-test-3.2.5.jar:/home/chojnar1/.m2/repository/org/springframework/boot/spring-boot-test-autoconfigure/3.2.5/spring-boot-test-autoconfigure-3.2.5.jar:/home/chojnar1/.m2/repository/com/jayway/jsonpath/json-path/2.9.0/json-path-2.9.0.jar:/home/chojnar1/.m2/repository/jakarta/xml/bind/jakarta.xml.bind-api/4.0.2/jakarta.xml.bind-api-4.0.2.jar:/home/chojnar1/.m2/repository/net/minidev/json-smart/2.5.1/json-smart-2.5.1.jar:/home/chojnar1/.m2/repository/net/minidev/accessors-smart/2.5.1/accessors-smart-2.5.1.jar:/home/chojnar1/.m2/repository/org/ow2/asm/asm/9.6/asm-9.6.jar:/home/chojnar1/.m2/repository/org/assertj/assertj-core/3.24.2/assertj-core-3.24.2.jar:/home/chojnar1/.m2/repository/org/awaitility/awaitility/4.2.1/awaitility-4.2.1.jar:/home/chojnar1/.m2/repository/org/hamcrest/hamcrest/2.2/hamcrest-2.2.jar:/home/chojnar1/.m2/repository/org/junit/jupiter/junit-jupiter/5.10.2/junit-jupiter-5.10.2.jar:/home/chojnar1/.m2/repository/org/junit/jupiter/junit-jupiter-api/5.10.2/junit-jupiter-api-5.10.2.jar:/home/chojnar1/.m2/repository/org/opentest4j/opentest4j/1.3.0/opentest4j-1.3.0.jar:/home/chojnar1/.m2/repository/org/junit/platform/junit-platform-commons/1.10.2/junit-platform-commons-1.10.2.jar:/home/chojnar1/.m2/repository/org/apiguardian/apiguardian-api/1.1.2/apiguardian-api-1.1.2.jar:/home/chojnar1/.m2/repository/org/junit/jupiter/junit-jupiter-params/5.10.2/junit-jupiter-params-5.10.2.jar:/home/chojnar1/.m2/repository/org/junit/jupiter/junit-jupiter-engine/5.10.2/junit-jupiter-engine-5.10.2.jar:/home/chojnar1/.m2/repository/org/junit/platform/junit-platform-engine/1.10.2/junit-platform-engine-1.10.2.jar:/home/chojnar1/.m2/repository/org/mockito/mockito-core/5.7.0/mockito-core-5.7.0.jar:/home/chojnar1/.m2/repository/net/bytebuddy/byte-buddy-agent/1.14.13/byte-buddy-agent-1.14.13.jar:/home/chojnar1/.m2/repository/org/objenesis/objenesis/3.3/objenesis-3.3.jar:/home/chojnar1/.m2/repository/org/mockito/mockito-junit-jupiter/5.7.0/mockito-junit-jupiter-5.7.0.jar:/home/chojnar1/.m2/repository/org/skyscreamer/jsonassert/1.5.1/jsonassert-1.5.1.jar:/home/chojnar1/.m2/repository/com/vaadin/external/google/android-json/0.0.20131108.vaadin1/android-json-0.0.20131108.vaadin1.jar:/home/chojnar1/.m2/repository/org/springframework/spring-core/6.1.6/spring-core-6.1.6.jar:/home/chojnar1/.m2/repository/org/springframework/spring-jcl/6.1.6/spring-jcl-6.1.6.jar:/home/chojnar1/.m2/repository/org/springframework/spring-test/6.1.6/spring-test-6.1.6.jar:/home/chojnar1/.m2/repository/org/xmlunit/xmlunit-core/2.9.1/xmlunit-core-2.9.1.jar:/home/chojnar1/.m2/repository/org/springframework/boot/spring-boot-starter-webflux/3.2.5/spring-boot-starter-webflux-3.2.5.jar:/home/chojnar1/.m2/repository/org/springframework/boot/spring-boot-starter-reactor-netty/3.2.5/spring-boot-starter-reactor-netty-3.2.5.jar:/home/chojnar1/.m2/repository/io/projectreactor/netty/reactor-netty-http/1.1.18/reactor-netty-http-1.1.18.jar:/home/chojnar1/.m2/repository/io/netty/netty-resolver-dns/4.1.109.Final/netty-resolver-dns-4.1.109.Final.jar:/home/chojnar1/.m2/repository/io/netty/netty-codec-dns/4.1.109.Final/netty-codec-dns-4.1.109.Final.jar:/home/chojnar1/.m2/repository/io/netty/netty-resolver-dns-native-macos/4.1.109.Final/netty-resolver-dns-native-macos-4.1.109.Final-osx-x86_64.jar:/home/chojnar1/.m2/repository/io/netty/netty-resolver-dns-classes-macos/4.1.109.Final/netty-resolver-dns-classes-macos-4.1.109.Final.jar:/home/chojnar1/.m2/repository/io/netty/netty-transport-native-epoll/4.1.109.Final/netty-transport-native-epoll-4.1.109.Final-linux-x86_64.jar:/home/chojnar1/.m2/repository/io/projectreactor/netty/reactor-netty-core/1.1.18/reactor-netty-core-1.1.18.jar:/home/chojnar1/.m2/repository/io/netty/netty-handler-proxy/4.1.109.Final/netty-handler-proxy-4.1.109.Final.jar:/home/chojnar1/.m2/repository/io/netty/netty-codec-socks/4.1.109.Final/netty-codec-socks-4.1.109.Final.jar:/home/chojnar1/.m2/repository/org/springframework/spring-webflux/6.1.6/spring-webflux-6.1.6.jar:/home/chojnar1/.m2/repository/io/projectreactor/reactor-test/3.6.5/reactor-test-3.6.5.jar:/home/chojnar1/.m2/repository/io/projectreactor/reactor-core/3.6.5/reactor-core-3.6.5.jar:/home/chojnar1/.m2/repository/org/reactivestreams/reactive-streams/1.0.4/reactive-streams-1.0.4.jar:/home/chojnar1/.m2/repository/org/springframework/session/spring-session-jdbc/3.2.2/spring-session-jdbc-3.2.2.jar:/home/chojnar1/.m2/repository/org/springframework/session/spring-session-core/3.2.2/spring-session-core-3.2.2.jar:/home/chojnar1/.m2/repository/org/springframework/spring-context/6.1.6/spring-context-6.1.6.jar:/home/chojnar1/.m2/repository/org/springframework/spring-jdbc/6.1.6/spring-jdbc-6.1.6.jar:/home/chojnar1/.m2/repository/com/github/paulcwarren/spring-content-fs/1.0.0.M4/spring-content-fs-1.0.0.M4.jar:/home/chojnar1/.m2/repository/org/springframework/spring-tx/6.1.6/spring-tx-6.1.6.jar:/home/chojnar1/.m2/repository/org/hibernate/javax/persistence/hibernate-jpa-2.1-api/1.0.2.Final/hibernate-jpa-2.1-api-1.0.2.Final.jar:/home/chojnar1/.m2/repository/com/github/paulcwarren/spring-content-commons/1.0.0.M4/spring-content-commons-1.0.0.M4.jar:/home/chojnar1/.m2/repository/commons-io/commons-io/2.6/commons-io-2.6.jar:/home/chojnar1/.m2/repository/com/github/paulcwarren/spring-content-rest/1.0.0.M4/spring-content-rest-1.0.0.M4.jar:/home/chojnar1/.m2/repository/javax/servlet/javax.servlet-api/4.0.1/javax.servlet-api-4.0.1.jar:/home/chojnar1/.m2/repository/org/springframework/hateoas/spring-hateoas/2.2.2/spring-hateoas-2.2.2.jar:/home/chojnar1/.m2/repository/org/springframework/plugin/spring-plugin-core/3.0.0/spring-plugin-core-3.0.0.jar:/home/chojnar1/.m2/repository/org/springframework/data/spring-data-rest-core/4.2.5/spring-data-rest-core-4.2.5.jar:/home/chojnar1/.m2/repository/org/atteo/evo-inflector/1.2.1/evo-inflector-1.2.1.jar:/home/chojnar1/.m2/repository/com/github/paulcwarren/spring-versions-commons/1.0.0.M4/spring-versions-commons-1.0.0.M4.jar:/home/chojnar1/.m2/repository/org/modelmapper/modelmapper/3.1.1/modelmapper-3.1.1.jar:/home/chojnar1/.m2/repository/org/hibernate/orm/hibernate-jpamodelgen/6.4.4.Final/hibernate-jpamodelgen-6.4.4.Final.jar:/home/chojnar1/.m2/repository/org/glassfish/jaxb/jaxb-runtime/4.0.5/jaxb-runtime-4.0.5.jar:/home/chojnar1/.m2/repository/org/glassfish/jaxb/jaxb-core/4.0.5/jaxb-core-4.0.5.jar:/home/chojnar1/.m2/repository/org/glassfish/jaxb/txw2/4.0.5/txw2-4.0.5.jar:/home/chojnar1/.m2/repository/com/sun/istack/istack-commons-runtime/4.1.2/istack-commons-runtime-4.1.2.jar:/home/chojnar1/.m2/repository/jakarta/validation/jakarta.validation-api/3.0.2/jakarta.validation-api-3.0.2.jar:/home/chojnar1/.m2/repository/jakarta/annotation/jakarta.annotation-api/2.1.1/jakarta.annotation-api-2.1.1.jar:/home/chojnar1/.m2/repository/org/antlr/antlr4-runtime/4.13.0/antlr4-runtime-4.13.0.jar:/home/chojnar1/.m2/repository/net/bytebuddy/byte-buddy/1.14.13/byte-buddy-1.14.13.jar:/home/chojnar1/.m2/repository/org/jboss/logging/jboss-logging/3.5.3.Final/jboss-logging-3.5.3.Final.jar:/home/chojnar1/.m2/repository/com/amazonaws/aws-java-sdk-cognitoidp/1.12.571/aws-java-sdk-cognitoidp-1.12.571.jar:/home/chojnar1/.m2/repository/com/amazonaws/aws-java-sdk-core/1.12.571/aws-java-sdk-core-1.12.571.jar:/home/chojnar1/.m2/repository/commons-logging/commons-logging/1.1.3/commons-logging-1.1.3.jar:/home/chojnar1/.m2/repository/commons-codec/commons-codec/1.16.1/commons-codec-1.16.1.jar:/home/chojnar1/.m2/repository/org/apache/httpcomponents/httpclient/4.5.13/httpclient-4.5.13.jar:/home/chojnar1/.m2/repository/software/amazon/ion/ion-java/1.0.2/ion-java-1.0.2.jar:/home/chojnar1/.m2/repository/com/fasterxml/jackson/dataformat/jackson-dataformat-cbor/2.15.4/jackson-dataformat-cbor-2.15.4.jar:/home/chojnar1/.m2/repository/joda-time/joda-time/2.8.1/joda-time-2.8.1.jar:/home/chojnar1/.m2/repository/com/amazonaws/jmespath-java/1.12.571/jmespath-java-1.12.571.jar:/home/chojnar1/.m2/repository/com/nimbusds/nimbus-jose-jwt/9.37.3/nimbus-jose-jwt-9.37.3.jar:/home/chojnar1/.m2/repository/com/github/stephenc/jcip/jcip-annotations/1.0-1/jcip-annotations-1.0-1.jar:/home/chojnar1/.m2/repository/software/amazon/awssdk/cognitoidentityprovider/2.24.0/cognitoidentityprovider-2.24.0.jar:/home/chojnar1/.m2/repository/software/amazon/awssdk/aws-json-protocol/2.24.0/aws-json-protocol-2.24.0.jar:/home/chojnar1/.m2/repository/software/amazon/awssdk/third-party-jackson-core/2.24.0/third-party-jackson-core-2.24.0.jar:/home/chojnar1/.m2/repository/software/amazon/awssdk/protocol-core/2.24.0/protocol-core-2.24.0.jar:/home/chojnar1/.m2/repository/software/amazon/awssdk/http-auth-aws/2.24.0/http-auth-aws-2.24.0.jar:/home/chojnar1/.m2/repository/software/amazon/awssdk/checksums-spi/2.24.0/checksums-spi-2.24.0.jar:/home/chojnar1/.m2/repository/software/amazon/awssdk/checksums/2.24.0/checksums-2.24.0.jar:/home/chojnar1/.m2/repository/software/amazon/awssdk/sdk-core/2.24.0/sdk-core-2.24.0.jar:/home/chojnar1/.m2/repository/software/amazon/awssdk/profiles/2.24.0/profiles-2.24.0.jar:/home/chojnar1/.m2/repository/software/amazon/awssdk/auth/2.24.0/auth-2.24.0.jar:/home/chojnar1/.m2/repository/software/amazon/eventstream/eventstream/1.0.1/eventstream-1.0.1.jar:/home/chojnar1/.m2/repository/software/amazon/awssdk/http-auth-spi/2.24.0/http-auth-spi-2.24.0.jar:/home/chojnar1/.m2/repository/software/amazon/awssdk/http-auth/2.24.0/http-auth-2.24.0.jar:/home/chojnar1/.m2/repository/software/amazon/awssdk/identity-spi/2.24.0/identity-spi-2.24.0.jar:/home/chojnar1/.m2/repository/software/amazon/awssdk/http-client-spi/2.24.0/http-client-spi-2.24.0.jar:/home/chojnar1/.m2/repository/software/amazon/awssdk/regions/2.24.0/regions-2.24.0.jar:/home/chojnar1/.m2/repository/software/amazon/awssdk/annotations/2.24.0/annotations-2.24.0.jar:/home/chojnar1/.m2/repository/software/amazon/awssdk/utils/2.24.0/utils-2.24.0.jar:/home/chojnar1/.m2/repository/software/amazon/awssdk/aws-core/2.24.0/aws-core-2.24.0.jar:/home/chojnar1/.m2/repository/software/amazon/awssdk/metrics-spi/2.24.0/metrics-spi-2.24.0.jar:/home/chojnar1/.m2/repository/software/amazon/awssdk/json-utils/2.24.0/json-utils-2.24.0.jar:/home/chojnar1/.m2/repository/software/amazon/awssdk/endpoints-spi/2.24.0/endpoints-spi-2.24.0.jar:/home/chojnar1/.m2/repository/software/amazon/awssdk/apache-client/2.24.0/apache-client-2.24.0.jar:/home/chojnar1/.m2/repository/org/apache/httpcomponents/httpcore/4.4.16/httpcore-4.4.16.jar:/home/chojnar1/.m2/repository/software/amazon/awssdk/netty-nio-client/2.24.0/netty-nio-client-2.24.0.jar:/home/chojnar1/.m2/repository/io/netty/netty-codec-http/4.1.109.Final/netty-codec-http-4.1.109.Final.jar:/home/chojnar1/.m2/repository/io/netty/netty-codec-http2/4.1.109.Final/netty-codec-http2-4.1.109.Final.jar:/home/chojnar1/.m2/repository/io/netty/netty-codec/4.1.109.Final/netty-codec-4.1.109.Final.jar:/home/chojnar1/.m2/repository/io/netty/netty-transport/4.1.109.Final/netty-transport-4.1.109.Final.jar:/home/chojnar1/.m2/repository/io/netty/netty-common/4.1.109.Final/netty-common-4.1.109.Final.jar:/home/chojnar1/.m2/repository/io/netty/netty-buffer/4.1.109.Final/netty-buffer-4.1.109.Final.jar:/home/chojnar1/.m2/repository/io/netty/netty-handler/4.1.109.Final/netty-handler-4.1.109.Final.jar:/home/chojnar1/.m2/repository/io/netty/netty-transport-native-unix-common/4.1.109.Final/netty-transport-native-unix-common-4.1.109.Final.jar:/home/chojnar1/.m2/repository/io/netty/netty-transport-classes-epoll/4.1.109.Final/netty-transport-classes-epoll-4.1.109.Final.jar:/home/chojnar1/.m2/repository/io/netty/netty-resolver/4.1.109.Final/netty-resolver-4.1.109.Final.jar:/home/chojnar1/.m2/repository/org/springframework/boot/spring-boot-starter-oauth2-resource-server/3.2.5/spring-boot-starter-oauth2-resource-server-3.2.5.jar:/home/chojnar1/.m2/repository/org/springframework/security/spring-security-core/6.2.4/spring-security-core-6.2.4.jar:/home/chojnar1/.m2/repository/org/springframework/security/spring-security-crypto/6.2.4/spring-security-crypto-6.2.4.jar:/home/chojnar1/.m2/repository/org/springframework/security/spring-security-oauth2-resource-server/6.2.4/spring-security-oauth2-resource-server-6.2.4.jar:/home/chojnar1/.m2/repository/org/springframework/security/spring-security-oauth2-core/6.2.4/spring-security-oauth2-core-6.2.4.jar:/home/chojnar1/.m2/repository/org/springframework/security/spring-security-oauth2-jose/6.2.4/spring-security-oauth2-jose-6.2.4.jar:/home/chojnar1/.m2/repository/org/springframework/security/spring-security-jwt/1.1.1.RELEASE/spring-security-jwt-1.1.1.RELEASE.jar:/home/chojnar1/.m2/repository/org/bouncycastle/bcpkix-jdk15on/1.64/bcpkix-jdk15on-1.64.jar:/home/chojnar1/.m2/repository/org/bouncycastle/bcprov-jdk15on/1.64/bcprov-jdk15on-1.64.jar:"/>
    <property name="java.vm.vendor" value="Ubuntu"/>
    <property name="sun.arch.data.model" value="64"/>
    <property name="java.vendor.url" value="https://ubuntu.com/"/>
    <property name="user.timezone" value="Europe/Warsaw"/>
    <property name="org.jboss.logging.provider" value="slf4j"/>
    <property name="os.name" value="Linux"/>
    <property name="java.vm.specification.version" value="17"/>
    <property name="sun.java.launcher" value="SUN_STANDARD"/>
    <property name="user.country" value="US"/>
    <property name="sun.boot.library.path" value="/usr/lib/jvm/java-17-openjdk-amd64/lib"/>
    <property name="sun.java.command" value="/home/chojnar1/Desktop/personal/tutoring/adam/ZRCwAW/backend/target/surefire/surefirebooter-20241122154727907_3.jar /home/chojnar1/Desktop/personal/tutoring/adam/ZRCwAW/backend/target/surefire 2024-11-22T15-47-27_814-jvmRun1 surefire-20241122154727907_1tmp surefire_0-20241122154727907_2tmp"/>
    <property name="jdk.debug" value="release"/>
    <property name="surefire.test.class.path" value="/home/chojnar1/Desktop/personal/tutoring/adam/ZRCwAW/backend/target/test-classes:/home/chojnar1/Desktop/personal/tutoring/adam/ZRCwAW/backend/target/classes:/home/chojnar1/.m2/repository/org/springframework/boot/spring-boot-starter-data-jpa/3.2.5/spring-boot-starter-data-jpa-3.2.5.jar:/home/chojnar1/.m2/repository/org/springframework/boot/spring-boot-starter-aop/3.2.5/spring-boot-starter-aop-3.2.5.jar:/home/chojnar1/.m2/repository/org/aspectj/aspectjweaver/1.9.22/aspectjweaver-1.9.22.jar:/home/chojnar1/.m2/repository/org/springframework/boot/spring-boot-starter-jdbc/3.2.5/spring-boot-starter-jdbc-3.2.5.jar:/home/chojnar1/.m2/repository/com/zaxxer/HikariCP/5.0.1/HikariCP-5.0.1.jar:/home/chojnar1/.m2/repository/org/hibernate/orm/hibernate-core/6.4.4.Final/hibernate-core-6.4.4.Final.jar:/home/chojnar1/.m2/repository/jakarta/persistence/jakarta.persistence-api/3.1.0/jakarta.persistence-api-3.1.0.jar:/home/chojnar1/.m2/repository/jakarta/transaction/jakarta.transaction-api/2.0.1/jakarta.transaction-api-2.0.1.jar:/home/chojnar1/.m2/repository/org/hibernate/common/hibernate-commons-annotations/6.0.6.Final/hibernate-commons-annotations-6.0.6.Final.jar:/home/chojnar1/.m2/repository/io/smallrye/jandex/3.1.2/jandex-3.1.2.jar:/home/chojnar1/.m2/repository/com/fasterxml/classmate/1.6.0/classmate-1.6.0.jar:/home/chojnar1/.m2/repository/jakarta/inject/jakarta.inject-api/2.0.1/jakarta.inject-api-2.0.1.jar:/home/chojnar1/.m2/repository/org/springframework/data/spring-data-jpa/3.2.5/spring-data-jpa-3.2.5.jar:/home/chojnar1/.m2/repository/org/springframework/data/spring-data-commons/3.2.5/spring-data-commons-3.2.5.jar:/home/chojnar1/.m2/repository/org/springframework/spring-orm/6.1.6/spring-orm-6.1.6.jar:/home/chojnar1/.m2/repository/org/springframework/spring-beans/6.1.6/spring-beans-6.1.6.jar:/home/chojnar1/.m2/repository/org/slf4j/slf4j-api/2.0.13/slf4j-api-2.0.13.jar:/home/chojnar1/.m2/repository/org/springframework/spring-aspects/6.1.6/spring-aspects-6.1.6.jar:/home/chojnar1/.m2/repository/org/springframework/boot/spring-boot-starter-web/3.2.5/spring-boot-starter-web-3.2.5.jar:/home/chojnar1/.m2/repository/org/springframework/boot/spring-boot-starter/3.2.5/spring-boot-starter-3.2.5.jar:/home/chojnar1/.m2/repository/org/springframework/boot/spring-boot-starter-logging/3.2.5/spring-boot-starter-logging-3.2.5.jar:/home/chojnar1/.m2/repository/ch/qos/logback/logback-classic/1.4.14/logback-classic-1.4.14.jar:/home/chojnar1/.m2/repository/ch/qos/logback/logback-core/1.4.14/logback-core-1.4.14.jar:/home/chojnar1/.m2/repository/org/apache/logging/log4j/log4j-to-slf4j/2.21.1/log4j-to-slf4j-2.21.1.jar:/home/chojnar1/.m2/repository/org/apache/logging/log4j/log4j-api/2.21.1/log4j-api-2.21.1.jar:/home/chojnar1/.m2/repository/org/slf4j/jul-to-slf4j/2.0.13/jul-to-slf4j-2.0.13.jar:/home/chojnar1/.m2/repository/org/yaml/snakeyaml/2.2/snakeyaml-2.2.jar:/home/chojnar1/.m2/repository/org/springframework/boot/spring-boot-starter-json/3.2.5/spring-boot-starter-json-3.2.5.jar:/home/chojnar1/.m2/repository/com/fasterxml/jackson/datatype/jackson-datatype-jdk8/2.15.4/jackson-datatype-jdk8-2.15.4.jar:/home/chojnar1/.m2/repository/com/fasterxml/jackson/datatype/jackson-datatype-jsr310/2.15.4/jackson-datatype-jsr310-2.15.4.jar:/home/chojnar1/.m2/repository/com/fasterxml/jackson/module/jackson-module-parameter-names/2.15.4/jackson-module-parameter-names-2.15.4.jar:/home/chojnar1/.m2/repository/org/springframework/boot/spring-boot-starter-tomcat/3.2.5/spring-boot-starter-tomcat-3.2.5.jar:/home/chojnar1/.m2/repository/org/apache/tomcat/embed/tomcat-embed-core/10.1.20/tomcat-embed-core-10.1.20.jar:/home/chojnar1/.m2/repository/org/apache/tomcat/embed/tomcat-embed-el/10.1.20/tomcat-embed-el-10.1.20.jar:/home/chojnar1/.m2/repository/org/apache/tomcat/embed/tomcat-embed-websocket/10.1.20/tomcat-embed-websocket-10.1.20.jar:/home/chojnar1/.m2/repository/org/springframework/spring-web/6.1.6/spring-web-6.1.6.jar:/home/chojnar1/.m2/repository/io/micrometer/micrometer-observation/1.12.5/micrometer-observation-1.12.5.jar:/home/chojnar1/.m2/repository/io/micrometer/micrometer-commons/1.12.5/micrometer-commons-1.12.5.jar:/home/chojnar1/.m2/repository/org/springframework/spring-webmvc/6.1.6/spring-webmvc-6.1.6.jar:/home/chojnar1/.m2/repository/org/springframework/spring-expression/6.1.6/spring-expression-6.1.6.jar:/home/chojnar1/.m2/repository/org/springframework/boot/spring-boot-starter-security/3.2.5/spring-boot-starter-security-3.2.5.jar:/home/chojnar1/.m2/repository/org/springframework/spring-aop/6.1.6/spring-aop-6.1.6.jar:/home/chojnar1/.m2/repository/org/springframework/security/spring-security-config/6.2.4/spring-security-config-6.2.4.jar:/home/chojnar1/.m2/repository/org/springframework/security/spring-security-web/6.2.4/spring-security-web-6.2.4.jar:/home/chojnar1/.m2/repository/org/springdoc/springdoc-openapi-starter-webmvc-ui/2.3.0/springdoc-openapi-starter-webmvc-ui-2.3.0.jar:/home/chojnar1/.m2/repository/org/springdoc/springdoc-openapi-starter-webmvc-api/2.3.0/springdoc-openapi-starter-webmvc-api-2.3.0.jar:/home/chojnar1/.m2/repository/org/springdoc/springdoc-openapi-starter-common/2.3.0/springdoc-openapi-starter-common-2.3.0.jar:/home/chojnar1/.m2/repository/io/swagger/core/v3/swagger-core-jakarta/2.2.19/swagger-core-jakarta-2.2.19.jar:/home/chojnar1/.m2/repository/org/apache/commons/commons-lang3/3.13.0/commons-lang3-3.13.0.jar:/home/chojnar1/.m2/repository/io/swagger/core/v3/swagger-annotations-jakarta/2.2.19/swagger-annotations-jakarta-2.2.19.jar:/home/chojnar1/.m2/repository/io/swagger/core/v3/swagger-models-jakarta/2.2.19/swagger-models-jakarta-2.2.19.jar:/home/chojnar1/.m2/repository/com/fasterxml/jackson/dataformat/jackson-dataformat-yaml/2.15.4/jackson-dataformat-yaml-2.15.4.jar:/home/chojnar1/.m2/repository/org/webjars/swagger-ui/5.10.3/swagger-ui-5.10.3.jar:/home/chojnar1/.m2/repository/com/auth0/java-jwt/4.4.0/java-jwt-4.4.0.jar:/home/chojnar1/.m2/repository/com/fasterxml/jackson/core/jackson-databind/2.15.4/jackson-databind-2.15.4.jar:/home/chojnar1/.m2/repository/com/fasterxml/jackson/core/jackson-annotations/2.15.4/jackson-annotations-2.15.4.jar:/home/chojnar1/.m2/repository/com/fasterxml/jackson/core/jackson-core/2.15.4/jackson-core-2.15.4.jar:/home/chojnar1/.m2/repository/org/springframework/boot/spring-boot-starter-web-services/3.2.5/spring-boot-starter-web-services-3.2.5.jar:/home/chojnar1/.m2/repository/com/sun/xml/messaging/saaj/saaj-impl/3.0.3/saaj-impl-3.0.3.jar:/home/chojnar1/.m2/repository/jakarta/xml/soap/jakarta.xml.soap-api/3.0.1/jakarta.xml.soap-api-3.0.1.jar:/home/chojnar1/.m2/repository/org/jvnet/staxex/stax-ex/2.1.0/stax-ex-2.1.0.jar:/home/chojnar1/.m2/repository/jakarta/activation/jakarta.activation-api/2.1.3/jakarta.activation-api-2.1.3.jar:/home/chojnar1/.m2/repository/org/eclipse/angus/angus-activation/2.0.2/angus-activation-2.0.2.jar:/home/chojnar1/.m2/repository/jakarta/xml/ws/jakarta.xml.ws-api/4.0.1/jakarta.xml.ws-api-4.0.1.jar:/home/chojnar1/.m2/repository/org/springframework/spring-oxm/6.1.6/spring-oxm-6.1.6.jar:/home/chojnar1/.m2/repository/org/springframework/ws/spring-ws-core/4.0.10/spring-ws-core-4.0.10.jar:/home/chojnar1/.m2/repository/org/springframework/ws/spring-xml/4.0.10/spring-xml-4.0.10.jar:/home/chojnar1/.m2/repository/org/postgresql/postgresql/42.6.2/postgresql-42.6.2.jar:/home/chojnar1/.m2/repository/org/checkerframework/checker-qual/3.31.0/checker-qual-3.31.0.jar:/home/chojnar1/.m2/repository/org/springframework/boot/spring-boot-devtools/3.2.5/spring-boot-devtools-3.2.5.jar:/home/chojnar1/.m2/repository/org/springframework/boot/spring-boot/3.2.5/spring-boot-3.2.5.jar:/home/chojnar1/.m2/repository/org/springframework/boot/spring-boot-autoconfigure/3.2.5/spring-boot-autoconfigure-3.2.5.jar:/home/chojnar1/.m2/repository/org/projectlombok/lombok/1.18.32/lombok-1.18.32.jar:/home/chojnar1/.m2/repository/org/springframework/boot/spring-boot-starter-test/3.2.5/spring-boot-starter-test-3.2.5.jar:/home/chojnar1/.m2/repository/org/springframework/boot/spring-boot-test/3.2.5/spring-boot-test-3.2.5.jar:/home/chojnar1/.m2/repository/org/springframework/boot/spring-boot-test-autoconfigure/3.2.5/spring-boot-test-autoconfigure-3.2.5.jar:/home/chojnar1/.m2/repository/com/jayway/jsonpath/json-path/2.9.0/json-path-2.9.0.jar:/home/chojnar1/.m2/repository/jakarta/xml/bind/jakarta.xml.bind-api/4.0.2/jakarta.xml.bind-api-4.0.2.jar:/home/chojnar1/.m2/repository/net/minidev/json-smart/2.5.1/json-smart-2.5.1.jar:/home/chojnar1/.m2/repository/net/minidev/accessors-smart/2.5.1/accessors-smart-2.5.1.jar:/home/chojnar1/.m2/repository/org/ow2/asm/asm/9.6/asm-9.6.jar:/home/chojnar1/.m2/repository/org/assertj/assertj-core/3.24.2/assertj-core-3.24.2.jar:/home/chojnar1/.m2/repository/org/awaitility/awaitility/4.2.1/awaitility-4.2.1.jar:/home/chojnar1/.m2/repository/org/hamcrest/hamcrest/2.2/hamcrest-2.2.jar:/home/chojnar1/.m2/repository/org/junit/jupiter/junit-jupiter/5.10.2/junit-jupiter-5.10.2.jar:/home/chojnar1/.m2/repository/org/junit/jupiter/junit-jupiter-api/5.10.2/junit-jupiter-api-5.10.2.jar:/home/chojnar1/.m2/repository/org/opentest4j/opentest4j/1.3.0/opentest4j-1.3.0.jar:/home/chojnar1/.m2/repository/org/junit/platform/junit-platform-commons/1.10.2/junit-platform-commons-1.10.2.jar:/home/chojnar1/.m2/repository/org/apiguardian/apiguardian-api/1.1.2/apiguardian-api-1.1.2.jar:/home/chojnar1/.m2/repository/org/junit/jupiter/junit-jupiter-params/5.10.2/junit-jupiter-params-5.10.2.jar:/home/chojnar1/.m2/repository/org/junit/jupiter/junit-jupiter-engine/5.10.2/junit-jupiter-engine-5.10.2.jar:/home/chojnar1/.m2/repository/org/junit/platform/junit-platform-engine/1.10.2/junit-platform-engine-1.10.2.jar:/home/chojnar1/.m2/repository/org/mockito/mockito-core/5.7.0/mockito-core-5.7.0.jar:/home/chojnar1/.m2/repository/net/bytebuddy/byte-buddy-agent/1.14.13/byte-buddy-agent-1.14.13.jar:/home/chojnar1/.m2/repository/org/objenesis/objenesis/3.3/objenesis-3.3.jar:/home/chojnar1/.m2/repository/org/mockito/mockito-junit-jupiter/5.7.0/mockito-junit-jupiter-5.7.0.jar:/home/chojnar1/.m2/repository/org/skyscreamer/jsonassert/1.5.1/jsonassert-1.5.1.jar:/home/chojnar1/.m2/repository/com/vaadin/external/google/android-json/0.0.20131108.vaadin1/android-json-0.0.20131108.vaadin1.jar:/home/chojnar1/.m2/repository/org/springframework/spring-core/6.1.6/spring-core-6.1.6.jar:/home/chojnar1/.m2/repository/org/springframework/spring-jcl/6.1.6/spring-jcl-6.1.6.jar:/home/chojnar1/.m2/repository/org/springframework/spring-test/6.1.6/spring-test-6.1.6.jar:/home/chojnar1/.m2/repository/org/xmlunit/xmlunit-core/2.9.1/xmlunit-core-2.9.1.jar:/home/chojnar1/.m2/repository/org/springframework/boot/spring-boot-starter-webflux/3.2.5/spring-boot-starter-webflux-3.2.5.jar:/home/chojnar1/.m2/repository/org/springframework/boot/spring-boot-starter-reactor-netty/3.2.5/spring-boot-starter-reactor-netty-3.2.5.jar:/home/chojnar1/.m2/repository/io/projectreactor/netty/reactor-netty-http/1.1.18/reactor-netty-http-1.1.18.jar:/home/chojnar1/.m2/repository/io/netty/netty-resolver-dns/4.1.109.Final/netty-resolver-dns-4.1.109.Final.jar:/home/chojnar1/.m2/repository/io/netty/netty-codec-dns/4.1.109.Final/netty-codec-dns-4.1.109.Final.jar:/home/chojnar1/.m2/repository/io/netty/netty-resolver-dns-native-macos/4.1.109.Final/netty-resolver-dns-native-macos-4.1.109.Final-osx-x86_64.jar:/home/chojnar1/.m2/repository/io/netty/netty-resolver-dns-classes-macos/4.1.109.Final/netty-resolver-dns-classes-macos-4.1.109.Final.jar:/home/chojnar1/.m2/repository/io/netty/netty-transport-native-epoll/4.1.109.Final/netty-transport-native-epoll-4.1.109.Final-linux-x86_64.jar:/home/chojnar1/.m2/repository/io/projectreactor/netty/reactor-netty-core/1.1.18/reactor-netty-core-1.1.18.jar:/home/chojnar1/.m2/repository/io/netty/netty-handler-proxy/4.1.109.Final/netty-handler-proxy-4.1.109.Final.jar:/home/chojnar1/.m2/repository/io/netty/netty-codec-socks/4.1.109.Final/netty-codec-socks-4.1.109.Final.jar:/home/chojnar1/.m2/repository/org/springframework/spring-webflux/6.1.6/spring-webflux-6.1.6.jar:/home/chojnar1/.m2/repository/io/projectreactor/reactor-test/3.6.5/reactor-test-3.6.5.jar:/home/chojnar1/.m2/repository/io/projectreactor/reactor-core/3.6.5/reactor-core-3.6.5.jar:/home/chojnar1/.m2/repository/org/reactivestreams/reactive-streams/1.0.4/reactive-streams-1.0.4.jar:/home/chojnar1/.m2/repository/org/springframework/session/spring-session-jdbc/3.2.2/spring-session-jdbc-3.2.2.jar:/home/chojnar1/.m2/repository/org/springframework/session/spring-session-core/3.2.2/spring-session-core-3.2.2.jar:/home/chojnar1/.m2/repository/org/springframework/spring-context/6.1.6/spring-context-6.1.6.jar:/home/chojnar1/.m2/repository/org/springframework/spring-jdbc/6.1.6/spring-jdbc-6.1.6.jar:/home/chojnar1/.m2/repository/com/github/paulcwarren/spring-content-fs/1.0.0.M4/spring-content-fs-1.0.0.M4.jar:/home/chojnar1/.m2/repository/org/springframework/spring-tx/6.1.6/spring-tx-6.1.6.jar:/home/chojnar1/.m2/repository/org/hibernate/javax/persistence/hibernate-jpa-2.1-api/1.0.2.Final/hibernate-jpa-2.1-api-1.0.2.Final.jar:/home/chojnar1/.m2/repository/com/github/paulcwarren/spring-content-commons/1.0.0.M4/spring-content-commons-1.0.0.M4.jar:/home/chojnar1/.m2/repository/commons-io/commons-io/2.6/commons-io-2.6.jar:/home/chojnar1/.m2/repository/com/github/paulcwarren/spring-content-rest/1.0.0.M4/spring-content-rest-1.0.0.M4.jar:/home/chojnar1/.m2/repository/javax/servlet/javax.servlet-api/4.0.1/javax.servlet-api-4.0.1.jar:/home/chojnar1/.m2/repository/org/springframework/hateoas/spring-hateoas/2.2.2/spring-hateoas-2.2.2.jar:/home/chojnar1/.m2/repository/org/springframework/plugin/spring-plugin-core/3.0.0/spring-plugin-core-3.0.0.jar:/home/chojnar1/.m2/repository/org/springframework/data/spring-data-rest-core/4.2.5/spring-data-rest-core-4.2.5.jar:/home/chojnar1/.m2/repository/org/atteo/evo-inflector/1.2.1/evo-inflector-1.2.1.jar:/home/chojnar1/.m2/repository/com/github/paulcwarren/spring-versions-commons/1.0.0.M4/spring-versions-commons-1.0.0.M4.jar:/home/chojnar1/.m2/repository/org/modelmapper/modelmapper/3.1.1/modelmapper-3.1.1.jar:/home/chojnar1/.m2/repository/org/hibernate/orm/hibernate-jpamodelgen/6.4.4.Final/hibernate-jpamodelgen-6.4.4.Final.jar:/home/chojnar1/.m2/repository/org/glassfish/jaxb/jaxb-runtime/4.0.5/jaxb-runtime-4.0.5.jar:/home/chojnar1/.m2/repository/org/glassfish/jaxb/jaxb-core/4.0.5/jaxb-core-4.0.5.jar:/home/chojnar1/.m2/repository/org/glassfish/jaxb/txw2/4.0.5/txw2-4.0.5.jar:/home/chojnar1/.m2/repository/com/sun/istack/istack-commons-runtime/4.1.2/istack-commons-runtime-4.1.2.jar:/home/chojnar1/.m2/repository/jakarta/validation/jakarta.validation-api/3.0.2/jakarta.validation-api-3.0.2.jar:/home/chojnar1/.m2/repository/jakarta/annotation/jakarta.annotation-api/2.1.1/jakarta.annotation-api-2.1.1.jar:/home/chojnar1/.m2/repository/org/antlr/antlr4-runtime/4.13.0/antlr4-runtime-4.13.0.jar:/home/chojnar1/.m2/repository/net/bytebuddy/byte-buddy/1.14.13/byte-buddy-1.14.13.jar:/home/chojnar1/.m2/repository/org/jboss/logging/jboss-logging/3.5.3.Final/jboss-logging-3.5.3.Final.jar:/home/chojnar1/.m2/repository/com/amazonaws/aws-java-sdk-cognitoidp/1.12.571/aws-java-sdk-cognitoidp-1.12.571.jar:/home/chojnar1/.m2/repository/com/amazonaws/aws-java-sdk-core/1.12.571/aws-java-sdk-core-1.12.571.jar:/home/chojnar1/.m2/repository/commons-logging/commons-logging/1.1.3/commons-logging-1.1.3.jar:/home/chojnar1/.m2/repository/commons-codec/commons-codec/1.16.1/commons-codec-1.16.1.jar:/home/chojnar1/.m2/repository/org/apache/httpcomponents/httpclient/4.5.13/httpclient-4.5.13.jar:/home/chojnar1/.m2/repository/software/amazon/ion/ion-java/1.0.2/ion-java-1.0.2.jar:/home/chojnar1/.m2/repository/com/fasterxml/jackson/dataformat/jackson-dataformat-cbor/2.15.4/jackson-dataformat-cbor-2.15.4.jar:/home/chojnar1/.m2/repository/joda-time/joda-time/2.8.1/joda-time-2.8.1.jar:/home/chojnar1/.m2/repository/com/amazonaws/jmespath-java/1.12.571/jmespath-java-1.12.571.jar:/home/chojnar1/.m2/repository/com/nimbusds/nimbus-jose-jwt/9.37.3/nimbus-jose-jwt-9.37.3.jar:/home/chojnar1/.m2/repository/com/github/stephenc/jcip/jcip-annotations/1.0-1/jcip-annotations-1.0-1.jar:/home/chojnar1/.m2/repository/software/amazon/awssdk/cognitoidentityprovider/2.24.0/cognitoidentityprovider-2.24.0.jar:/home/chojnar1/.m2/repository/software/amazon/awssdk/aws-json-protocol/2.24.0/aws-json-protocol-2.24.0.jar:/home/chojnar1/.m2/repository/software/amazon/awssdk/third-party-jackson-core/2.24.0/third-party-jackson-core-2.24.0.jar:/home/chojnar1/.m2/repository/software/amazon/awssdk/protocol-core/2.24.0/protocol-core-2.24.0.jar:/home/chojnar1/.m2/repository/software/amazon/awssdk/http-auth-aws/2.24.0/http-auth-aws-2.24.0.jar:/home/chojnar1/.m2/repository/software/amazon/awssdk/checksums-spi/2.24.0/checksums-spi-2.24.0.jar:/home/chojnar1/.m2/repository/software/amazon/awssdk/checksums/2.24.0/checksums-2.24.0.jar:/home/chojnar1/.m2/repository/software/amazon/awssdk/sdk-core/2.24.0/sdk-core-2.24.0.jar:/home/chojnar1/.m2/repository/software/amazon/awssdk/profiles/2.24.0/profiles-2.24.0.jar:/home/chojnar1/.m2/repository/software/amazon/awssdk/auth/2.24.0/auth-2.24.0.jar:/home/chojnar1/.m2/repository/software/amazon/eventstream/eventstream/1.0.1/eventstream-1.0.1.jar:/home/chojnar1/.m2/repository/software/amazon/awssdk/http-auth-spi/2.24.0/http-auth-spi-2.24.0.jar:/home/chojnar1/.m2/repository/software/amazon/awssdk/http-auth/2.24.0/http-auth-2.24.0.jar:/home/chojnar1/.m2/repository/software/amazon/awssdk/identity-spi/2.24.0/identity-spi-2.24.0.jar:/home/chojnar1/.m2/repository/software/amazon/awssdk/http-client-spi/2.24.0/http-client-spi-2.24.0.jar:/home/chojnar1/.m2/repository/software/amazon/awssdk/regions/2.24.0/regions-2.24.0.jar:/home/chojnar1/.m2/repository/software/amazon/awssdk/annotations/2.24.0/annotations-2.24.0.jar:/home/chojnar1/.m2/repository/software/amazon/awssdk/utils/2.24.0/utils-2.24.0.jar:/home/chojnar1/.m2/repository/software/amazon/awssdk/aws-core/2.24.0/aws-core-2.24.0.jar:/home/chojnar1/.m2/repository/software/amazon/awssdk/metrics-spi/2.24.0/metrics-spi-2.24.0.jar:/home/chojnar1/.m2/repository/software/amazon/awssdk/json-utils/2.24.0/json-utils-2.24.0.jar:/home/chojnar1/.m2/repository/software/amazon/awssdk/endpoints-spi/2.24.0/endpoints-spi-2.24.0.jar:/home/chojnar1/.m2/repository/software/amazon/awssdk/apache-client/2.24.0/apache-client-2.24.0.jar:/home/chojnar1/.m2/repository/org/apache/httpcomponents/httpcore/4.4.16/httpcore-4.4.16.jar:/home/chojnar1/.m2/repository/software/amazon/awssdk/netty-nio-client/2.24.0/netty-nio-client-2.24.0.jar:/home/chojnar1/.m2/repository/io/netty/netty-codec-http/4.1.109.Final/netty-codec-http-4.1.109.Final.jar:/home/chojnar1/.m2/repository/io/netty/netty-codec-http2/4.1.109.Final/netty-codec-http2-4.1.109.Final.jar:/home/chojnar1/.m2/repository/io/netty/netty-codec/4.1.109.Final/netty-codec-4.1.109.Final.jar:/home/chojnar1/.m2/repository/io/netty/netty-transport/4.1.109.Final/netty-transport-4.1.109.Final.jar:/home/chojnar1/.m2/repository/io/netty/netty-common/4.1.109.Final/netty-common-4.1.109.Final.jar:/home/chojnar1/.m2/repository/io/netty/netty-buffer/4.1.109.Final/netty-buffer-4.1.109.Final.jar:/home/chojnar1/.m2/repository/io/netty/netty-handler/4.1.109.Final/netty-handler-4.1.109.Final.jar:/home/chojnar1/.m2/repository/io/netty/netty-transport-native-unix-common/4.1.109.Final/netty-transport-native-unix-common-4.1.109.Final.jar:/home/chojnar1/.m2/repository/io/netty/netty-transport-classes-epoll/4.1.109.Final/netty-transport-classes-epoll-4.1.109.Final.jar:/home/chojnar1/.m2/repository/io/netty/netty-resolver/4.1.109.Final/netty-resolver-4.1.109.Final.jar:/home/chojnar1/.m2/repository/org/springframework/boot/spring-boot-starter-oauth2-resource-server/3.2.5/spring-boot-starter-oauth2-resource-server-3.2.5.jar:/home/chojnar1/.m2/repository/org/springframework/security/spring-security-core/6.2.4/spring-security-core-6.2.4.jar:/home/chojnar1/.m2/repository/org/springframework/security/spring-security-crypto/6.2.4/spring-security-crypto-6.2.4.jar:/home/chojnar1/.m2/repository/org/springframework/security/spring-security-oauth2-resource-server/6.2.4/spring-security-oauth2-resource-server-6.2.4.jar:/home/chojnar1/.m2/repository/org/springframework/security/spring-security-oauth2-core/6.2.4/spring-security-oauth2-core-6.2.4.jar:/home/chojnar1/.m2/repository/org/springframework/security/spring-security-oauth2-jose/6.2.4/spring-security-oauth2-jose-6.2.4.jar:/home/chojnar1/.m2/repository/org/springframework/security/spring-security-jwt/1.1.1.RELEASE/spring-security-jwt-1.1.1.RELEASE.jar:/home/chojnar1/.m2/repository/org/bouncycastle/bcpkix-jdk15on/1.64/bcpkix-jdk15on-1.64.jar:/home/chojnar1/.m2/repository/org/bouncycastle/bcprov-jdk15on/1.64/bcprov-jdk15on-1.64.jar:"/>
    <property name="sun.cpu.endian" value="little"/>
    <property name="user.home" value="/home/chojnar1"/>
    <property name="user.language" value="en"/>
    <property name="java.specification.vendor" value="Oracle Corporation"/>
    <property name="java.version.date" value="2024-10-15"/>
    <property name="java.home" value="/usr/lib/jvm/java-17-openjdk-amd64"/>
    <property name="file.separator" value="/"/>
    <property name="basedir" value="/home/chojnar1/Desktop/personal/tutoring/adam/ZRCwAW/backend"/>
    <property name="java.vm.compressedOopsMode" value="Zero based"/>
    <property name="line.separator" value="&#10;"/>
    <property name="java.specification.name" value="Java Platform API Specification"/>
    <property name="java.vm.specification.vendor" value="Oracle Corporation"/>
    <property name="FILE_LOG_CHARSET" value="UTF-8"/>
    <property name="java.awt.headless" value="true"/>
    <property name="surefire.real.class.path" value="/home/chojnar1/Desktop/personal/tutoring/adam/ZRCwAW/backend/target/surefire/surefirebooter-20241122154727907_3.jar"/>
    <property name="sun.management.compiler" value="HotSpot 64-Bit Tiered Compilers"/>
    <property name="java.runtime.version" value="17.0.13+11-Ubuntu-2ubuntu122.04"/>
    <property name="user.name" value="chojnar1"/>
    <property name="path.separator" value=":"/>
    <property name="os.version" value="6.5.0-44-generic"/>
    <property name="java.runtime.name" value="OpenJDK Runtime Environment"/>
    <property name="file.encoding" value="UTF-8"/>
    <property name="java.vm.name" value="OpenJDK 64-Bit Server VM"/>
    <property name="localRepository" value="/home/chojnar1/.m2/repository"/>
    <property name="java.vendor.url.bug" value="https://bugs.launchpad.net/ubuntu/+source/openjdk-17"/>
    <property name="java.io.tmpdir" value="/tmp"/>
    <property name="com.zaxxer.hikari.pool_number" value="1"/>
    <property name="java.version" value="17.0.13"/>
    <property name="user.dir" value="/home/chojnar1/Desktop/personal/tutoring/adam/ZRCwAW/backend"/>
    <property name="os.arch" value="amd64"/>
    <property name="java.vm.specification.name" value="Java Virtual Machine Specification"/>
    <property name="PID" value="2879914"/>
    <property name="CONSOLE_LOG_CHARSET" value="UTF-8"/>
    <property name="native.encoding" value="UTF-8"/>
    <property name="java.library.path" value="/tmp/.mount_cursorjFVFF3/usr/lib::/usr/java/packages/lib:/usr/lib/x86_64-linux-gnu/jni:/lib/x86_64-linux-gnu:/usr/lib/x86_64-linux-gnu:/usr/lib/jni:/lib:/usr/lib"/>
    <property name="java.vm.info" value="mixed mode, sharing"/>
    <property name="java.vendor" value="Ubuntu"/>
    <property name="java.vm.version" value="17.0.13+11-Ubuntu-2ubuntu122.04"/>
    <property name="java.specification.maintenance.version" value="1"/>
    <property name="sun.io.unicode.encoding" value="UnicodeLittle"/>
    <property name="java.class.version" value="61.0"/>
    <property name="LOGGED_APPLICATION_NAME" value="[project] "/>
  </properties>
  <testcase name="contextLoads" classname="com.pwr.project.ProjectApplicationTests" time="0.68">
    <system-out><![CDATA[15:47:28.772 [main] INFO org.springframework.test.context.support.AnnotationConfigContextLoaderUtils -- Could not detect default configuration classes for test class [com.pwr.project.ProjectApplicationTests]: ProjectApplicationTests does not declare any static, non-private, non-final, nested classes annotated with @Configuration.
15:47:28.892 [main] INFO org.springframework.boot.test.context.SpringBootTestContextBootstrapper -- Found @SpringBootConfiguration com.pwr.project.ProjectApplication for test class com.pwr.project.ProjectApplicationTests
15:47:29.046 [main] INFO org.springframework.boot.devtools.restart.RestartApplicationListener -- Restart disabled due to context in which it is running

  .   ____          _            __ _ _
 /\\ / ___'_ __ _ _(_)_ __  __ _ \ \ \ \
( ( )\___ | '_ | '_| | '_ \/ _` | \ \ \ \
 \\/  ___)| |_)| | | | | || (_| |  ) ) ) )
  '  |____| .__|_| |_|_| |_\__, | / / / /
 =========|_|==============|___/=/_/_/_/
 :: Spring Boot ::                (v3.2.5)

2024-11-22T15:47:29.277+01:00  INFO 2879914 --- [project] [           main] c.pwr.project.ProjectApplicationTests    : Starting ProjectApplicationTests using Java 17.0.13 with PID 2879914 (started by chojnar1 in /home/chojnar1/Desktop/personal/tutoring/adam/ZRCwAW/backend)
2024-11-22T15:47:29.278+01:00 DEBUG 2879914 --- [project] [           main] c.pwr.project.ProjectApplicationTests    : Running with Spring Boot v3.2.5, Spring v6.1.6
2024-11-22T15:47:29.279+01:00  INFO 2879914 --- [project] [           main] c.pwr.project.ProjectApplicationTests    : No active profile set, falling back to 1 default profile: "default"
2024-11-22T15:47:29.325+01:00 TRACE 2879914 --- [project] [           main] o.s.w.c.s.GenericWebApplicationContext   : Refreshing org.springframework.web.context.support.GenericWebApplicationContext@402f80f5, started on Fri Nov 22 15:47:29 CET 2024
2024-11-22T15:47:30.361+01:00  INFO 2879914 --- [project] [           main] .s.d.r.c.RepositoryConfigurationDelegate : Bootstrapping Spring Data JPA repositories in DEFAULT mode.
2024-11-22T15:47:30.560+01:00  INFO 2879914 --- [project] [           main] .s.d.r.c.RepositoryConfigurationDelegate : Finished Spring Data repository scanning in 189 ms. Found 4 JPA repository interfaces.
2024-11-22T15:47:31.093+01:00  WARN 2879914 --- [project] [           main] trationDelegate$BeanPostProcessorChecker : Bean 'org.springframework.ws.config.annotation.DelegatingWsConfiguration' of type [org.springframework.ws.config.annotation.DelegatingWsConfiguration$$SpringCGLIB$$0] is not eligible for getting processed by all BeanPostProcessors (for example: not eligible for auto-proxying). The currently created BeanPostProcessor [annotationActionEndpointMapping] is declared through a non-static factory method on that class; consider declaring it as static instead.
2024-11-22T15:47:31.127+01:00  INFO 2879914 --- [project] [           main] .w.s.a.s.AnnotationActionEndpointMapping : Supporting [WS-Addressing August 2004, WS-Addressing 1.0]
2024-11-22T15:47:31.179+01:00 TRACE 2879914 --- [project] [           main] o.s.w.c.s.GenericWebApplicationContext   : No 'messageSource' bean, using [Empty MessageSource]
2024-11-22T15:47:31.180+01:00 TRACE 2879914 --- [project] [           main] o.s.w.c.s.GenericWebApplicationContext   : No 'applicationEventMulticaster' bean, using [SimpleApplicationEventMulticaster]
2024-11-22T15:47:31.276+01:00  INFO 2879914 --- [project] [           main] com.zaxxer.hikari.HikariDataSource       : HikariPool-1 - Starting...
2024-11-22T15:47:31.601+01:00  INFO 2879914 --- [project] [           main] com.zaxxer.hikari.pool.HikariPool        : HikariPool-1 - Added connection org.postgresql.jdbc.PgConnection@2aa6bbad
2024-11-22T15:47:31.604+01:00  INFO 2879914 --- [project] [           main] com.zaxxer.hikari.HikariDataSource       : HikariPool-1 - Start completed.
2024-11-22T15:47:31.718+01:00  INFO 2879914 --- [project] [           main] o.hibernate.jpa.internal.util.LogHelper  : HHH000204: Processing PersistenceUnitInfo [name: default]
2024-11-22T15:47:31.760+01:00  INFO 2879914 --- [project] [           main] org.hibernate.Version                    : HHH000412: Hibernate ORM core version 6.4.4.Final
2024-11-22T15:47:31.793+01:00  INFO 2879914 --- [project] [           main] o.h.c.internal.RegionFactoryInitiator    : HHH000026: Second-level cache disabled
2024-11-22T15:47:32.031+01:00  INFO 2879914 --- [project] [           main] o.s.o.j.p.SpringPersistenceUnitInfo      : No LoadTimeWeaver setup: ignoring JPA class transformer
2024-11-22T15:47:32.086+01:00  WARN 2879914 --- [project] [           main] org.hibernate.orm.deprecation            : HHH90000025: PostgreSQLDialect does not need to be specified explicitly using 'hibernate.dialect' (remove the property setting and it will be selected by default)
2024-11-22T15:47:33.210+01:00  INFO 2879914 --- [project] [           main] o.h.e.t.j.p.i.JtaPlatformInitiator       : HHH000489: No JTA platform available (set 'hibernate.transaction.jta.platform' to enable JTA platform integration)
2024-11-22T15:47:33.286+01:00  INFO 2879914 --- [project] [           main] j.LocalContainerEntityManagerFactoryBean : Initialized JPA EntityManagerFactory for persistence unit 'default'
2024-11-22T15:47:33.610+01:00 TRACE 2879914 --- [project] [           main] eGlobalAuthenticationAutowiredConfigurer : Eagerly initializing {authConfig=com.pwr.project.config.AuthConfig$$SpringCGLIB$$0@d91e8c7, securityConfig=com.pwr.project.config.SecurityConfig$$SpringCGLIB$$0@757ad227, cognitoConfig=com.pwr.project.config.auth.CognitoConfig$$SpringCGLIB$$0@f5314bc}
2024-11-22T15:47:34.164+01:00  INFO 2879914 --- [project] [           main] o.s.d.j.r.query.QueryEnhancerFactory     : Hibernate is in classpath; If applicable, HQL parser will be used.
2024-11-22T15:47:34.873+01:00  WARN 2879914 --- [project] [           main] JpaBaseConfiguration$JpaWebConfiguration : spring.jpa.open-in-view is enabled by default. Therefore, database queries may be performed during view rendering. Explicitly configure spring.jpa.open-in-view to disable this warning
2024-11-22T15:47:35.104+01:00 TRACE 2879914 --- [project] [           main] s.w.s.m.m.a.RequestMappingHandlerMapping : 
	c.p.p.c.AuthController:
	{POST [/api/auth/register]}: register(RegisterDTO)
	{POST [/api/auth/login]}: login(LoginDTO)
	{GET [/api/auth/current-user]}: getCurrentUser()
	{GET [/api/auth/users]}: getAllUsers()
2024-11-22T15:47:35.115+01:00 TRACE 2879914 --- [project] [           main] s.w.s.m.m.a.RequestMappingHandlerMapping : 
	c.p.p.c.ChatController:
	{GET [/api/chat/messages/{offerId}]}: getMessages(Long,String)
	{POST [/api/chat/messages/{offerId}]}: sendMessage(Long,MessageDTO)
	{GET [/api/chat/user-messages/{userId}]}: getUserMessages(String)
2024-11-22T15:47:35.125+01:00 TRACE 2879914 --- [project] [           main] s.w.s.m.m.a.RequestMappingHandlerMapping : 
	c.p.p.c.NoticeController:
	{POST [/api/notices]}: createNotice(NoticeDTO)
	{GET [/api/notices/{id}]}: getNoticeById(Long)
	{GET [/api/notices]}: getAllNotices()
	{PUT [/api/notices/{id}]}: updateNotice(Long,NoticeDTO)
	{DELETE [/api/notices/{id}]}: deleteNotice(Long)
	{GET [/api/notices/search]}: searchNotices(String)
	{POST [/api/notices/{noticeId}/files]}: addFilesToNotice(Long,List)
	{GET [/api/notices/{noticeId}/files]}: getAllFilesForNotice(Long)
	{GET [/api/notices/tags]}: populateTags()
2024-11-22T15:47:35.131+01:00 TRACE 2879914 --- [project] [           main] s.w.s.m.m.a.RequestMappingHandlerMapping : 
	c.p.p.c.UserController:
	{POST [/api/auth/sync-user]}: syncUser(User)
2024-11-22T15:47:35.136+01:00 TRACE 2879914 --- [project] [           main] s.w.s.m.m.a.RequestMappingHandlerMapping : 
	o.s.b.a.w.s.e.BasicErrorController:
	{ [/error]}: error(HttpServletRequest)
	{ [/error], produces [text/html]}: errorHtml(HttpServletRequest,HttpServletResponse)
2024-11-22T15:47:35.153+01:00 TRACE 2879914 --- [project] [           main] s.w.s.m.m.a.RequestMappingHandlerMapping : 
	o.s.w.a.OpenApiWebMvcResource:
	{GET [/v3/api-docs], produces [application/json]}: openapiJson(HttpServletRequest,String,Locale)
	{GET [/v3/api-docs.yaml], produces [application/vnd.oai.openapi]}: openapiYaml(HttpServletRequest,String,Locale)
2024-11-22T15:47:35.157+01:00 TRACE 2879914 --- [project] [           main] s.w.s.m.m.a.RequestMappingHandlerMapping : 
	o.s.w.u.SwaggerWelcomeWebMvc:
	{GET [/swagger-ui.html]}: redirectToUi(HttpServletRequest)
2024-11-22T15:47:35.158+01:00 TRACE 2879914 --- [project] [           main] s.w.s.m.m.a.RequestMappingHandlerMapping : 
	o.s.w.u.SwaggerConfigResource:
	{GET [/v3/api-docs/swagger-config], produces [application/json]}: openapiJson(HttpServletRequest)
2024-11-22T15:47:35.165+01:00 DEBUG 2879914 --- [project] [           main] s.w.s.m.m.a.RequestMappingHandlerMapping : 23 mappings in 'requestMappingHandlerMapping'
2024-11-22T15:47:35.174+01:00 DEBUG 2879914 --- [project] [           main] o.s.w.s.h.BeanNameUrlHandlerMapping      : Detected 0 mappings in 'beanNameHandlerMapping'
2024-11-22T15:47:35.232+01:00 TRACE 2879914 --- [project] [           main] o.s.w.s.f.support.RouterFunctionMapping  : 0 RouterFunction(s) in 'routerFunctionMapping'
2024-11-22T15:47:35.249+01:00 TRACE 2879914 --- [project] [           main] o.s.w.s.handler.SimpleUrlHandlerMapping  : Mapped [/webjars/**] onto ResourceHttpRequestHandler [classpath [META-INF/resources/webjars/]]
2024-11-22T15:47:35.249+01:00 TRACE 2879914 --- [project] [           main] o.s.w.s.handler.SimpleUrlHandlerMapping  : Mapped [/**] onto ResourceHttpRequestHandler [classpath [META-INF/resources/], classpath [resources/], classpath [static/], classpath [public/], ServletContext [/]]
2024-11-22T15:47:35.250+01:00 TRACE 2879914 --- [project] [           main] o.s.w.s.handler.SimpleUrlHandlerMapping  : Mapped [/swagger-ui*/*swagger-initializer.js] onto ResourceHttpRequestHandler [classpath [META-INF/resources/webjars/]]
2024-11-22T15:47:35.250+01:00 TRACE 2879914 --- [project] [           main] o.s.w.s.handler.SimpleUrlHandlerMapping  : Mapped [/swagger-ui*/**] onto ResourceHttpRequestHandler [classpath [META-INF/resources/webjars/]]
2024-11-22T15:47:35.251+01:00 DEBUG 2879914 --- [project] [           main] o.s.w.s.handler.SimpleUrlHandlerMapping  : Patterns [/webjars/**, /**, /swagger-ui*/*swagger-initializer.js, /swagger-ui*/**] in 'resourceHandlerMapping'
2024-11-22T15:47:35.295+01:00  INFO 2879914 --- [project] [           main] o.s.s.web.DefaultSecurityFilterChain     : Will secure any request with [org.springframework.security.web.session.DisableEncodeUrlFilter@67a6f2c4, org.springframework.security.web.context.request.async.WebAsyncManagerIntegrationFilter@6bac199f, org.springframework.security.web.context.SecurityContextHolderFilter@72a1ccad, org.springframework.security.web.authentication.logout.LogoutFilter@76b49d0, com.pwr.project.config.auth.SecurityFilter@3985175e, org.springframework.security.web.savedrequest.RequestCacheAwareFilter@24f6f6bf, org.springframework.security.web.servletapi.SecurityContextHolderAwareRequestFilter@255845b1, org.springframework.security.web.authentication.AnonymousAuthenticationFilter@2a47fb5d, org.springframework.security.web.session.SessionManagementFilter@7f49fa1d, org.springframework.security.web.access.ExceptionTranslationFilter@39bbe17c, org.springframework.security.web.access.intercept.AuthorizationFilter@688c914e]
2024-11-22T15:47:35.297+01:00  INFO 2879914 --- [project] [           main] com.pwr.project.config.SecurityConfig    : Configuring security filter chain
2024-11-22T15:47:35.306+01:00  INFO 2879914 --- [project] [           main] o.s.s.web.DefaultSecurityFilterChain     : Will secure any request with [org.springframework.security.web.session.DisableEncodeUrlFilter@219aab91, org.springframework.security.web.context.request.async.WebAsyncManagerIntegrationFilter@71737478, org.springframework.security.web.context.SecurityContextHolderFilter@ecd3a9b, org.springframework.security.web.header.HeaderWriterFilter@2700609f, org.springframework.web.filter.CorsFilter@64001530, org.springframework.security.web.authentication.logout.LogoutFilter@354d5692, org.springframework.security.web.savedrequest.RequestCacheAwareFilter@58d9cd6, org.springframework.security.web.servletapi.SecurityContextHolderAwareRequestFilter@21ad0060, org.springframework.security.web.authentication.AnonymousAuthenticationFilter@1f9b8c23, org.springframework.security.web.session.SessionManagementFilter@141cee26, org.springframework.security.web.access.ExceptionTranslationFilter@ae20523, org.springframework.security.web.access.intercept.AuthorizationFilter@54fd5f6]
2024-11-22T15:47:35.819+01:00 DEBUG 2879914 --- [project] [           main] s.w.s.m.m.a.RequestMappingHandlerAdapter : ControllerAdvice beans: 0 @ModelAttribute, 0 @InitBinder, 1 RequestBodyAdvice, 1 ResponseBodyAdvice
2024-11-22T15:47:35.877+01:00 DEBUG 2879914 --- [project] [           main] .m.m.a.ExceptionHandlerExceptionResolver : ControllerAdvice beans: 1 @ExceptionHandler, 1 ResponseBodyAdvice
2024-11-22T15:47:36.248+01:00 TRACE 2879914 --- [project] [           main] o.s.w.c.s.GenericWebApplicationContext   : Using LifecycleProcessor [org.springframework.context.support.DefaultLifecycleProcessor@13b6f82d]
2024-11-22T15:47:36.283+01:00  INFO 2879914 --- [project] [           main] c.pwr.project.ProjectApplicationTests    : Started ProjectApplicationTests in 7.246 seconds (process running for 8.297)
]]></system-out>
  </testcase>
</testsuite>